<?xml version="1.0" encoding="UTF-8"?>
<!-- Generated by org.testng.reporters.JUnitReportReporter -->
<testsuite skipped="0" hostname="DESKTOP-I13U05B" name="StepDefinitions.Plus500Test" tests="1" failures="0" timestamp="2020-11-16T09:47:10 EST" time="0.009" errors="0">
  <testcase name="Testing" time="0.009" classname="StepDefinitions.Plus500Test"/>
  <system-out/>
</testsuite> <!-- StepDefinitions.Plus500Test -->
