<?xml version="1.0" encoding="UTF-8"?>
<!-- Generated by org.testng.reporters.JUnitReportReporter -->
<testsuite skipped="0" hostname="DESKTOP-I13U05B" name="Test.GoogleNews" tests="1" failures="0" timestamp="2020-11-05T12:48:44 EST" time="10.917" errors="0">
  <testcase name="GoogleTest" time="10.917" classname="Test.GoogleNews"/>
  <system-out/>
</testsuite> <!-- Test.GoogleNews -->
