<?xml version="1.0" encoding="UTF-8"?>
<!-- Generated by org.testng.reporters.JUnitReportReporter -->
<testsuite skipped="0" hostname="DESKTOP-I13U05B" name="Test.HomePageTest" tests="2" failures="0" timestamp="2020-11-03T10:08:25 EST" time="28.647" errors="0">
  <testcase name="FindCruise" time="16.006" classname="Test.HomePageTest"/>
  <system-out/>
  <testcase name="Check" time="12.641" classname="Test.HomePageTest"/>
  <system-out/>
</testsuite> <!-- Test.HomePageTest -->
