<?xml version="1.0" encoding="UTF-8"?>
<!-- Generated by org.testng.reporters.JUnitReportReporter -->
<testsuite skipped="0" hostname="DESKTOP-I13U05B" name="Test.NCLTest" tests="2" failures="0" timestamp="2020-11-10T12:10:30 EST" time="31.177" errors="0">
  <testcase name="FindCruise" time="18.662" classname="Test.NCLTest"/>
  <system-out/>
  <testcase name="CheckPrice" time="12.515" classname="Test.NCLTest"/>
  <system-out/>
</testsuite> <!-- Test.NCLTest -->
